# JRE version: Java(TM) SE Runtime Environment (8.0_181-b13) (build 1.8.0_181-b13)
# Java VM: Java HotSpot(TM) 64-Bit Server VM (25.181-b13 mixed mode windows-amd64 compressed oops)
Heap:
 PSYoungGen      total 67072K, used 22112K [0x00000000d6200000, 0x00000000de000000, 0x0000000100000000)
  eden space 61952K, 27% used [0x00000000d6200000,0x00000000d72996e0,0x00000000d9e80000)
  from space 5120K, 99% used [0x00000000da700000,0x00000000dabfeb98,0x00000000dac00000)
  to   space 8704K, 0% used [0x00000000d9e80000,0x00000000d9e80000,0x00000000da700000)
 ParOldGen       total 50688K, used 7405K [0x0000000082600000, 0x0000000085780000, 0x00000000d6200000)
  object space 50688K, 14% used [0x0000000082600000,0x0000000082d3b680,0x0000000085780000)
 Metaspace       used 25651K, capacity 27264K, committed 27392K, reserved 1073152K
  class space    used 3282K, capacity 3572K, committed 3584K, reserved 1048576K
GC Heap History (10 events):
Event: 1.064 GC heap before
{Heap before GC invocations=3 (full 0):
 PSYoungGen      total 37888K, used 37875K [0x00000000d6200000, 0x00000000dac00000, 0x0000000100000000)
  eden space 32768K, 100% used [0x00000000d6200000,0x00000000d8200000,0x00000000d8200000)
  from space 5120K, 99% used [0x00000000d8700000,0x00000000d8bfcc08,0x00000000d8c00000)
  to   space 5120K, 0% used [0x00000000d8200000,0x00000000d8200000,0x00000000d8700000)
 ParOldGen       total 86016K, used 939K [0x0000000082600000, 0x0000000087a00000, 0x00000000d6200000)
  object space 86016K, 1% used [0x0000000082600000,0x00000000826eafa0,0x0000000087a00000)
 Metaspace       used 17059K, capacity 17796K, committed 17920K, reserved 1064960K
  class space    used 2119K, capacity 2280K, committed 2304K, reserved 1048576K
Event: 1.069 GC heap after
Heap after GC invocations=3 (full 0):
 PSYoungGen      total 37888K, used 5108K [0x00000000d6200000, 0x00000000dac00000, 0x0000000100000000)
  eden space 32768K, 0% used [0x00000000d6200000,0x00000000d6200000,0x00000000d8200000)
  from space 5120K, 99% used [0x00000000d8200000,0x00000000d86fd050,0x00000000d8700000)
  to   space 5120K, 0% used [0x00000000da700000,0x00000000da700000,0x00000000dac00000)
 ParOldGen       total 86016K, used 3408K [0x0000000082600000, 0x0000000087a00000, 0x00000000d6200000)
  object space 86016K, 3% used [0x0000000082600000,0x00000000829541d0,0x0000000087a00000)
 Metaspace       used 17059K, capacity 17796K, committed 17920K, reserved 1064960K
  class space    used 2119K, capacity 2280K, committed 2304K, reserved 1048576K
}
Event: 1.318 GC heap before
{Heap before GC invocations=4 (full 0):
 PSYoungGen      total 37888K, used 37876K [0x00000000d6200000, 0x00000000dac00000, 0x0000000100000000)
  eden space 32768K, 100% used [0x00000000d6200000,0x00000000d8200000,0x00000000d8200000)
  from space 5120K, 99% used [0x00000000d8200000,0x00000000d86fd050,0x00000000d8700000)
  to   space 5120K, 0% used [0x00000000da700000,0x00000000da700000,0x00000000dac00000)
 ParOldGen       total 86016K, used 3408K [0x0000000082600000, 0x0000000087a00000, 0x00000000d6200000)
  object space 86016K, 3% used [0x0000000082600000,0x00000000829541d0,0x0000000087a00000)
 Metaspace       used 19890K, capacity 20754K, committed 20992K, reserved 1067008K
  class space    used 2500K, capacity 2695K, committed 2816K, reserved 1048576K
Event: 1.326 GC heap after
Heap after GC invocations=4 (full 0):
 PSYoungGen      total 70656K, used 5104K [0x00000000d6200000, 0x00000000dac00000, 0x0000000100000000)
  eden space 65536K, 0% used [0x00000000d6200000,0x00000000d6200000,0x00000000da200000)
  from space 5120K, 99% used [0x00000000da700000,0x00000000dabfc300,0x00000000dac00000)
  to   space 5120K, 0% used [0x00000000da200000,0x00000000da200000,0x00000000da700000)
 ParOldGen       total 86016K, used 6021K [0x0000000082600000, 0x0000000087a00000, 0x00000000d6200000)
  object space 86016K, 7% used [0x0000000082600000,0x0000000082be15c0,0x0000000087a00000)
 Metaspace       used 19890K, capacity 20754K, committed 20992K, reserved 1067008K
  class space    used 2500K, capacity 2695K, committed 2816K, reserved 1048576K
}
Event: 1.358 GC heap before
{Heap before GC invocations=5 (full 0):
 PSYoungGen      total 70656K, used 11226K [0x00000000d6200000, 0x00000000dac00000, 0x0000000100000000)
  eden space 65536K, 9% used [0x00000000d6200000,0x00000000d67fa590,0x00000000da200000)
  from space 5120K, 99% used [0x00000000da700000,0x00000000dabfc300,0x00000000dac00000)
  to   space 5120K, 0% used [0x00000000da200000,0x00000000da200000,0x00000000da700000)
 ParOldGen       total 86016K, used 6021K [0x0000000082600000, 0x0000000087a00000, 0x00000000d6200000)
  object space 86016K, 7% used [0x0000000082600000,0x0000000082be15c0,0x0000000087a00000)
 Metaspace       used 20306K, capacity 21122K, committed 21248K, reserved 1067008K
  class space    used 2548K, capacity 2735K, committed 2816K, reserved 1048576K
Event: 1.364 GC heap after
Heap after GC invocations=5 (full 0):
 PSYoungGen      total 70656K, used 5109K [0x00000000d6200000, 0x00000000dac00000, 0x0000000100000000)
  eden space 65536K, 0% used [0x00000000d6200000,0x00000000d6200000,0x00000000da200000)
  from space 5120K, 99% used [0x00000000da200000,0x00000000da6fd6e8,0x00000000da700000)
  to   space 5120K, 0% used [0x00000000da700000,0x00000000da700000,0x00000000dac00000)
 ParOldGen       total 86016K, used 6952K [0x0000000082600000, 0x0000000087a00000, 0x00000000d6200000)
  object space 86016K, 8% used [0x0000000082600000,0x0000000082cca1b8,0x0000000087a00000)
 Metaspace       used 20306K, capacity 21122K, committed 21248K, reserved 1067008K
  class space    used 2548K, capacity 2735K, committed 2816K, reserved 1048576K
}
Event: 1.364 GC heap before
{Heap before GC invocations=6 (full 1):
 PSYoungGen      total 70656K, used 5109K [0x00000000d6200000, 0x00000000dac00000, 0x0000000100000000)
  eden space 65536K, 0% used [0x00000000d6200000,0x00000000d6200000,0x00000000da200000)
  from space 5120K, 99% used [0x00000000da200000,0x00000000da6fd6e8,0x00000000da700000)
  to   space 5120K, 0% used [0x00000000da700000,0x00000000da700000,0x00000000dac00000)
 ParOldGen       total 86016K, used 6952K [0x0000000082600000, 0x0000000087a00000, 0x00000000d6200000)
  object space 86016K, 8% used [0x0000000082600000,0x0000000082cca1b8,0x0000000087a00000)
 Metaspace       used 20306K, capacity 21122K, committed 21248K, reserved 1067008K
  class space    used 2548K, capacity 2735K, committed 2816K, reserved 1048576K
Event: 1.386 GC heap after
Heap after GC invocations=6 (full 1):
 PSYoungGen      total 70656K, used 0K [0x00000000d6200000, 0x00000000dac00000, 0x0000000100000000)
  eden space 65536K, 0% used [0x00000000d6200000,0x00000000d6200000,0x00000000da200000)
  from space 5120K, 0% used [0x00000000da200000,0x00000000da200000,0x00000000da700000)
  to   space 5120K, 0% used [0x00000000da700000,0x00000000da700000,0x00000000dac00000)
 ParOldGen       total 50688K, used 6172K [0x0000000082600000, 0x0000000085780000, 0x00000000d6200000)
  object space 50688K, 12% used [0x0000000082600000,0x0000000082c07120,0x0000000085780000)
 Metaspace       used 20306K, capacity 21122K, committed 21248K, reserved 1067008K
  class space    used 2548K, capacity 2735K, committed 2816K, reserved 1048576K
}
Event: 2.014 GC heap before
{Heap before GC invocations=7 (full 1):
 PSYoungGen      total 70656K, used 65536K [0x00000000d6200000, 0x00000000dac00000, 0x0000000100000000)
  eden space 65536K, 100% used [0x00000000d6200000,0x00000000da200000,0x00000000da200000)
  from space 5120K, 0% used [0x00000000da200000,0x00000000da200000,0x00000000da700000)
  to   space 5120K, 0% used [0x00000000da700000,0x00000000da700000,0x00000000dac00000)
 ParOldGen       total 50688K, used 6172K [0x0000000082600000, 0x0000000085780000, 0x00000000d6200000)
  object space 50688K, 12% used [0x0000000082600000,0x0000000082c07120,0x0000000085780000)
 Metaspace       used 24268K, capacity 25572K, committed 25728K, reserved 1071104K
  class space    used 3074K, capacity 3356K, committed 3456K, reserved 1048576K
Event: 2.018 GC heap after
Heap after GC invocations=7 (full 1):
 PSYoungGen      total 67072K, used 5114K [0x00000000d6200000, 0x00000000de000000, 0x0000000100000000)
  eden space 61952K, 0% used [0x00000000d6200000,0x00000000d6200000,0x00000000d9e80000)
  from space 5120K, 99% used [0x00000000da700000,0x00000000dabfeb98,0x00000000dac00000)
  to   space 8704K, 0% used [0x00000000d9e80000,0x00000000d9e80000,0x00000000da700000)
 ParOldGen       total 50688K, used 7405K [0x0000000082600000, 0x0000000085780000, 0x00000000d6200000)
  object space 50688K, 14% used [0x0000000082600000,0x0000000082d3b680,0x0000000085780000)
 Metaspace       used 24268K, capacity 25572K, committed 25728K, reserved 1071104K
  class space    used 3074K, capacity 3356K, committed 3456K, reserved 1048576K
}

