# JRE version: OpenJDK Runtime Environment (11.0.12+7) (build 11.0.12+7-b1504.28-7817840)
# Java VM: OpenJDK 64-Bit Server VM (11.0.12+7-b1504.28-7817840, mixed mode, tiered, compressed oops, g1 gc, windows-amd64)
Heap:
 garbage-first heap   total 431104K, used 169736K [0x0000000080000000, 0x0000000100000000)
  region size 1024K, 4 young (4096K), 4 survivors (4096K)
 Metaspace       used 134950K, capacity 137997K, committed 138316K, reserved 1169408K
  class space    used 17448K, capacity 18630K, committed 18764K, reserved 1048576K
GC Heap History (20 events):
Event: 3109.208 GC heap after
{Heap after GC invocations=56 (full 0):
 garbage-first heap   total 187392K, used 133093K [0x0000000080000000, 0x0000000100000000)
  region size 1024K, 3 young (3072K), 3 survivors (3072K)
 Metaspace       used 121821K, capacity 124596K, committed 125772K, reserved 1157120K
  class space    used 15798K, capacity 16860K, committed 17228K, reserved 1048576K
}
Event: 3109.662 GC heap before
{Heap before GC invocations=57 (full 0):
 garbage-first heap   total 187392K, used 159717K [0x0000000080000000, 0x0000000100000000)
  region size 1024K, 29 young (29696K), 3 survivors (3072K)
 Metaspace       used 124389K, capacity 127138K, committed 128204K, reserved 1159168K
  class space    used 16159K, capacity 17234K, committed 17612K, reserved 1048576K
}
Event: 3109.669 GC heap after
{Heap after GC invocations=58 (full 0):
 garbage-first heap   total 187392K, used 135519K [0x0000000080000000, 0x0000000100000000)
  region size 1024K, 3 young (3072K), 3 survivors (3072K)
 Metaspace       used 124389K, capacity 127138K, committed 128204K, reserved 1159168K
  class space    used 16159K, capacity 17234K, committed 17612K, reserved 1048576K
}
Event: 3109.963 GC heap before
{Heap before GC invocations=58 (full 0):
 garbage-first heap   total 187392K, used 160095K [0x0000000080000000, 0x0000000100000000)
  region size 1024K, 27 young (27648K), 3 survivors (3072K)
 Metaspace       used 127456K, capacity 130287K, committed 131148K, reserved 1163264K
  class space    used 16616K, capacity 17716K, committed 17996K, reserved 1048576K
}
Event: 3109.967 GC heap after
{Heap after GC invocations=59 (full 0):
 garbage-first heap   total 187392K, used 136996K [0x0000000080000000, 0x0000000100000000)
  region size 1024K, 2 young (2048K), 2 survivors (2048K)
 Metaspace       used 127456K, capacity 130287K, committed 131148K, reserved 1163264K
  class space    used 16616K, capacity 17716K, committed 17996K, reserved 1048576K
}
Event: 3110.217 GC heap before
{Heap before GC invocations=60 (full 0):
 garbage-first heap   total 187392K, used 160548K [0x0000000080000000, 0x0000000100000000)
  region size 1024K, 25 young (25600K), 2 survivors (2048K)
 Metaspace       used 128950K, capacity 131772K, committed 132556K, reserved 1163264K
  class space    used 16786K, capacity 17887K, committed 18124K, reserved 1048576K
}
Event: 3110.221 GC heap after
{Heap after GC invocations=61 (full 0):
 garbage-first heap   total 187392K, used 139024K [0x0000000080000000, 0x0000000100000000)
  region size 1024K, 4 young (4096K), 4 survivors (4096K)
 Metaspace       used 128950K, capacity 131772K, committed 132556K, reserved 1163264K
  class space    used 16786K, capacity 17887K, committed 18124K, reserved 1048576K
}
Event: 3110.276 GC heap before
{Heap before GC invocations=61 (full 0):
 garbage-first heap   total 187392K, used 144144K [0x0000000080000000, 0x0000000100000000)
  region size 1024K, 9 young (9216K), 4 survivors (4096K)
 Metaspace       used 129248K, capacity 132167K, committed 132940K, reserved 1163264K
  class space    used 16839K, capacity 17968K, committed 18252K, reserved 1048576K
}
Event: 3110.282 GC heap after
{Heap after GC invocations=62 (full 0):
 garbage-first heap   total 187392K, used 139405K [0x0000000080000000, 0x0000000100000000)
  region size 1024K, 1 young (1024K), 1 survivors (1024K)
 Metaspace       used 129248K, capacity 132167K, committed 132940K, reserved 1163264K
  class space    used 16839K, capacity 17968K, committed 18252K, reserved 1048576K
}
Event: 3110.486 GC heap before
{Heap before GC invocations=62 (full 0):
 garbage-first heap   total 187392K, used 160909K [0x0000000080000000, 0x0000000100000000)
  region size 1024K, 22 young (22528K), 1 survivors (1024K)
 Metaspace       used 129726K, capacity 132680K, committed 133196K, reserved 1165312K
  class space    used 16906K, capacity 18040K, committed 18252K, reserved 1048576K
}
Event: 3110.492 GC heap after
{Heap after GC invocations=63 (full 0):
 garbage-first heap   total 187392K, used 141446K [0x0000000080000000, 0x0000000100000000)
  region size 1024K, 3 young (3072K), 3 survivors (3072K)
 Metaspace       used 129726K, capacity 132680K, committed 133196K, reserved 1165312K
  class space    used 16906K, capacity 18040K, committed 18252K, reserved 1048576K
}
Event: 3110.611 GC heap before
{Heap before GC invocations=63 (full 0):
 garbage-first heap   total 187392K, used 160902K [0x0000000080000000, 0x0000000100000000)
  region size 1024K, 23 young (23552K), 3 survivors (3072K)
 Metaspace       used 129813K, capacity 132703K, committed 133196K, reserved 1165312K
  class space    used 16906K, capacity 18040K, committed 18252K, reserved 1048576K
}
Event: 3110.657 GC heap after
{Heap after GC invocations=64 (full 0):
 garbage-first heap   total 225280K, used 142588K [0x0000000080000000, 0x0000000100000000)
  region size 1024K, 2 young (2048K), 2 survivors (2048K)
 Metaspace       used 129813K, capacity 132703K, committed 133196K, reserved 1165312K
  class space    used 16906K, capacity 18040K, committed 18252K, reserved 1048576K
}
Event: 3111.380 GC heap before
{Heap before GC invocations=65 (full 0):
 garbage-first heap   total 225280K, used 180476K [0x0000000080000000, 0x0000000100000000)
  region size 1024K, 41 young (41984K), 2 survivors (2048K)
 Metaspace       used 130889K, capacity 133827K, committed 134348K, reserved 1165312K
  class space    used 16991K, capacity 18129K, committed 18380K, reserved 1048576K
}
Event: 3111.392 GC heap after
{Heap after GC invocations=66 (full 0):
 garbage-first heap   total 225280K, used 145144K [0x0000000080000000, 0x0000000100000000)
  region size 1024K, 4 young (4096K), 4 survivors (4096K)
 Metaspace       used 130889K, capacity 133827K, committed 134348K, reserved 1165312K
  class space    used 16991K, capacity 18129K, committed 18380K, reserved 1048576K
}
Event: 3111.725 GC heap before
{Heap before GC invocations=67 (full 0):
 garbage-first heap   total 225280K, used 186104K [0x0000000080000000, 0x0000000100000000)
  region size 1024K, 43 young (44032K), 4 survivors (4096K)
 Metaspace       used 132114K, capacity 135098K, committed 135500K, reserved 1167360K
  class space    used 17123K, capacity 18279K, committed 18508K, reserved 1048576K
}
Event: 3111.755 GC heap after
{Heap after GC invocations=68 (full 0):
 garbage-first heap   total 225280K, used 159612K [0x0000000080000000, 0x0000000100000000)
  region size 1024K, 6 young (6144K), 6 survivors (6144K)
 Metaspace       used 132114K, capacity 135098K, committed 135500K, reserved 1167360K
  class space    used 17123K, capacity 18279K, committed 18508K, reserved 1048576K
}
Event: 3112.059 GC heap before
{Heap before GC invocations=68 (full 0):
 garbage-first heap   total 225280K, used 187260K [0x0000000080000000, 0x0000000100000000)
  region size 1024K, 34 young (34816K), 6 survivors (6144K)
 Metaspace       used 134809K, capacity 137869K, committed 138060K, reserved 1169408K
  class space    used 17442K, capacity 18630K, committed 18764K, reserved 1048576K
}
Event: 3112.072 GC heap after
{Heap after GC invocations=69 (full 0):
 garbage-first heap   total 225280K, used 162722K [0x0000000080000000, 0x0000000100000000)
  region size 1024K, 3 young (3072K), 3 survivors (3072K)
 Metaspace       used 134809K, capacity 137869K, committed 138060K, reserved 1169408K
  class space    used 17442K, capacity 18630K, committed 18764K, reserved 1048576K
}
Event: 3112.194 GC heap before
{Heap before GC invocations=70 (full 0):
 garbage-first heap   total 225280K, used 173986K [0x0000000080000000, 0x0000000100000000)
  region size 1024K, 14 young (14336K), 3 survivors (3072K)
 Metaspace       used 134950K, capacity 137997K, committed 138316K, reserved 1169408K
  class space    used 17448K, capacity 18630K, committed 18764K, reserved 1048576K
}

