# JRE version: OpenJDK Runtime Environment (11.0.12+7) (build 11.0.12+7-b1504.28-7817840)
# Java VM: OpenJDK 64-Bit Server VM (11.0.12+7-b1504.28-7817840, mixed mode, tiered, compressed oops, g1 gc, windows-amd64)
Heap:
 garbage-first heap   total 129024K, used 70415K [0x0000000080000000, 0x0000000100000000)
  region size 1024K, 54 young (55296K), 3 survivors (3072K)
 Metaspace       used 31726K, capacity 32445K, committed 32768K, reserved 1077248K
  class space    used 4250K, capacity 4510K, committed 4608K, reserved 1048576K
GC Heap History (8 events):
Event: 0.465 GC heap before
{Heap before GC invocations=0 (full 0):
 garbage-first heap   total 129024K, used 29696K [0x0000000080000000, 0x0000000100000000)
  region size 1024K, 24 young (24576K), 0 survivors (0K)
 Metaspace       used 10175K, capacity 10403K, committed 10624K, reserved 1058816K
  class space    used 1066K, capacity 1106K, committed 1152K, reserved 1048576K
}
Event: 0.469 GC heap after
{Heap after GC invocations=1 (full 0):
 garbage-first heap   total 129024K, used 9455K [0x0000000080000000, 0x0000000100000000)
  region size 1024K, 3 young (3072K), 3 survivors (3072K)
 Metaspace       used 10175K, capacity 10403K, committed 10624K, reserved 1058816K
  class space    used 1066K, capacity 1106K, committed 1152K, reserved 1048576K
}
Event: 2.533 GC heap before
{Heap before GC invocations=1 (full 0):
 garbage-first heap   total 129024K, used 83183K [0x0000000080000000, 0x0000000100000000)
  region size 1024K, 75 young (76800K), 3 survivors (3072K)
 Metaspace       used 17691K, capacity 18150K, committed 18432K, reserved 1064960K
  class space    used 2090K, capacity 2245K, committed 2304K, reserved 1048576K
}
Event: 2.542 GC heap after
{Heap after GC invocations=2 (full 0):
 garbage-first heap   total 129024K, used 16373K [0x0000000080000000, 0x0000000100000000)
  region size 1024K, 10 young (10240K), 10 survivors (10240K)
 Metaspace       used 17691K, capacity 18150K, committed 18432K, reserved 1064960K
  class space    used 2090K, capacity 2245K, committed 2304K, reserved 1048576K
}
Event: 2.749 GC heap before
{Heap before GC invocations=2 (full 0):
 garbage-first heap   total 129024K, used 45045K [0x0000000080000000, 0x0000000100000000)
  region size 1024K, 39 young (39936K), 10 survivors (10240K)
 Metaspace       used 20684K, capacity 21186K, committed 21296K, reserved 1069056K
  class space    used 2546K, capacity 2682K, committed 2688K, reserved 1048576K
}
Event: 2.755 GC heap after
{Heap after GC invocations=3 (full 0):
 garbage-first heap   total 129024K, used 17234K [0x0000000080000000, 0x0000000100000000)
  region size 1024K, 2 young (2048K), 2 survivors (2048K)
 Metaspace       used 20684K, capacity 21186K, committed 21296K, reserved 1069056K
  class space    used 2546K, capacity 2682K, committed 2688K, reserved 1048576K
}
Event: 3.350 GC heap before
{Heap before GC invocations=4 (full 0):
 garbage-first heap   total 129024K, used 71506K [0x0000000080000000, 0x0000000100000000)
  region size 1024K, 56 young (57344K), 2 survivors (2048K)
 Metaspace       used 26681K, capacity 27317K, committed 27520K, reserved 1073152K
  class space    used 3478K, capacity 3672K, committed 3712K, reserved 1048576K
}
Event: 3.353 GC heap after
{Heap after GC invocations=5 (full 0):
 garbage-first heap   total 129024K, used 19215K [0x0000000080000000, 0x0000000100000000)
  region size 1024K, 3 young (3072K), 3 survivors (3072K)
 Metaspace       used 26681K, capacity 27317K, committed 27520K, reserved 1073152K
  class space    used 3478K, capacity 3672K, committed 3712K, reserved 1048576K
}

